-------------------------------------------------------------------------------
Test set: ContaServiceTest$TestsCriacaoConta
-------------------------------------------------------------------------------
Tests run: 5, Failures: 0, Errors: 5, Skipped: 0, Time elapsed: 0.011 s <<< FAILURE! -- in ContaServiceTest$TestsCriacaoConta
ContaServiceTest$TestsCriacaoConta.deveRejeitarCriacaoComCpfJaCadastrado -- Time elapsed: 0.001 s <<< ERROR!
java.lang.Error: 
Unresolved compilation problems: 
	Must declare a named package because this compilation unit is associated to the named module 'sistema.bancario'
	The declared package "test" does not match the expected package ""
	The method listarContas() is undefined for the type ContaService
	The method listarContas() is undefined for the type ContaService
	The method listarContas() is undefined for the type ContaService

	at ContaServiceTest.<init>(ContaServiceTest.java:1)
	at java.base/java.lang.reflect.Constructor.newInstanceWithCaller(Constructor.java:502)
	at java.base/java.lang.reflect.Constructor.newInstance(Constructor.java:486)
	at java.base/java.util.Optional.orElseGet(Optional.java:364)
	at java.base/java.util.Optional.orElseGet(Optional.java:364)
	at java.base/java.util.ArrayList.forEach(ArrayList.java:1596)
	at java.base/java.util.ArrayList.forEach(ArrayList.java:1596)
	at java.base/java.util.ArrayList.forEach(ArrayList.java:1596)

ContaServiceTest$TestsCriacaoConta.deveRejeitarCriacaoComCpfInvalido -- Time elapsed: 0.002 s <<< ERROR!
java.lang.Error: 
Unresolved compilation problems: 
	Must declare a named package because this compilation unit is associated to the named module 'sistema.bancario'
	The declared package "test" does not match the expected package ""
	The method listarContas() is undefined for the type ContaService
	The method listarContas() is undefined for the type ContaService
	The method listarContas() is undefined for the type ContaService

	at ContaServiceTest.<init>(ContaServiceTest.java:1)
	at java.base/java.lang.reflect.Constructor.newInstanceWithCaller(Constructor.java:502)
	at java.base/java.lang.reflect.Constructor.newInstance(Constructor.java:486)
	at java.base/java.util.Optional.orElseGet(Optional.java:364)
	at java.base/java.util.Optional.orElseGet(Optional.java:364)
	at java.base/java.util.ArrayList.forEach(ArrayList.java:1596)
	at java.base/java.util.ArrayList.forEach(ArrayList.java:1596)
	at java.base/java.util.ArrayList.forEach(ArrayList.java:1596)

ContaServiceTest$TestsCriacaoConta.deveRejeitarCriacaoComNomeVazio -- Time elapsed: 0.002 s <<< ERROR!
java.lang.Error: 
Unresolved compilation problems: 
	Must declare a named package because this compilation unit is associated to the named module 'sistema.bancario'
	The declared package "test" does not match the expected package ""
	The method listarContas() is undefined for the type ContaService
	The method listarContas() is undefined for the type ContaService
	The method listarContas() is undefined for the type ContaService

	at ContaServiceTest.<init>(ContaServiceTest.java:1)
	at java.base/java.lang.reflect.Constructor.newInstanceWithCaller(Constructor.java:502)
	at java.base/java.lang.reflect.Constructor.newInstance(Constructor.java:486)
	at java.base/java.util.Optional.orElseGet(Optional.java:364)
	at java.base/java.util.Optional.orElseGet(Optional.java:364)
	at java.base/java.util.ArrayList.forEach(ArrayList.java:1596)
	at java.base/java.util.ArrayList.forEach(ArrayList.java:1596)
	at java.base/java.util.ArrayList.forEach(ArrayList.java:1596)

ContaServiceTest$TestsCriacaoConta.deveCriarContaComSucesso -- Time elapsed: 0.002 s <<< ERROR!
java.lang.Error: 
Unresolved compilation problems: 
	Must declare a named package because this compilation unit is associated to the named module 'sistema.bancario'
	The declared package "test" does not match the expected package ""
	The method listarContas() is undefined for the type ContaService
	The method listarContas() is undefined for the type ContaService
	The method listarContas() is undefined for the type ContaService

	at ContaServiceTest.<init>(ContaServiceTest.java:1)
	at java.base/java.lang.reflect.Constructor.newInstanceWithCaller(Constructor.java:502)
	at java.base/java.lang.reflect.Constructor.newInstance(Constructor.java:486)
	at java.base/java.util.Optional.orElseGet(Optional.java:364)
	at java.base/java.util.Optional.orElseGet(Optional.java:364)
	at java.base/java.util.ArrayList.forEach(ArrayList.java:1596)
	at java.base/java.util.ArrayList.forEach(ArrayList.java:1596)
	at java.base/java.util.ArrayList.forEach(ArrayList.java:1596)

ContaServiceTest$TestsCriacaoConta.deveGerarIdUnicoParaCadaConta -- Time elapsed: 0.001 s <<< ERROR!
java.lang.Error: 
Unresolved compilation problems: 
	Must declare a named package because this compilation unit is associated to the named module 'sistema.bancario'
	The declared package "test" does not match the expected package ""
	The method listarContas() is undefined for the type ContaService
	The method listarContas() is undefined for the type ContaService
	The method listarContas() is undefined for the type ContaService

	at ContaServiceTest.<init>(ContaServiceTest.java:1)
	at java.base/java.lang.reflect.Constructor.newInstanceWithCaller(Constructor.java:502)
	at java.base/java.lang.reflect.Constructor.newInstance(Constructor.java:486)
	at java.base/java.util.Optional.orElseGet(Optional.java:364)
	at java.base/java.util.Optional.orElseGet(Optional.java:364)
	at java.base/java.util.ArrayList.forEach(ArrayList.java:1596)
	at java.base/java.util.ArrayList.forEach(ArrayList.java:1596)
	at java.base/java.util.ArrayList.forEach(ArrayList.java:1596)

