<?xml version="1.0" encoding="UTF-8"?>
<testsuite xmlns:xsi="http://www.w3.org/2001/XMLSchema-instance" xsi:noNamespaceSchemaLocation="https://maven.apache.org/surefire/maven-surefire-plugin/xsd/surefire-test-report-3.0.xsd" version="3.0" name="sistema.bancario.ContaServiceTest$TestsCriacaoConta" time="0.022" tests="5" errors="0" skipped="0" failures="0">
  <properties>
[...]
</properties>
  <testcase name="deveRejeitarCriacaoComCpfJaCadastrado" classname="sistema.bancario.ContaServiceTest$TestsCriacaoConta" time="0.003"/>
  <testcase name="deveRejeitarCriacaoComCpfInvalido" classname="sistema.bancario.ContaServiceTest$TestsCriacaoConta" time="0.003"/>
  <testcase name="deveRejeitarCriacaoComNomeVazio" classname="sistema.bancario.ContaServiceTest$TestsCriacaoConta" time="0.002"/>
  <testcase name="deveCriarContaComSucesso" classname="sistema.bancario.ContaServiceTest$TestsCriacaoConta" time="0.004"/>
  <testcase name="deveGerarIdUnicoParaCadaConta" classname="sistema.bancario.ContaServiceTest$TestsCriacaoConta" time="0.005"/>
</testsuite>